<?xml version="1.0" encoding="UTF-8"?>
<!-- Generated by org.testng.reporters.JUnitReportReporter -->
<testsuite hostname="DESKTOP-TGEBJ9N" failures="0" tests="3" name="Sample.TestClass" time="21.388" errors="0" timestamp="2023-10-14T22:57:26 IST" skipped="0">
  <testcase classname="Sample.TestClass" name="test1" time="5.976"/>
  <system-out/>
  <testcase classname="Sample.TestClass" name="test2" time="6.309"/>
  <system-out/>
  <testcase classname="Sample.TestClass" name="test3" time="9.103"/>
  <system-out/>
</testsuite> <!-- Sample.TestClass -->
