<?xml version="1.0" encoding="UTF-8"?>
<!-- Generated by org.testng.reporters.JUnitReportReporter -->
<testsuite hostname="DESKTOP-TGEBJ9N" failures="0" tests="3" name="Sample.TestClass" time="25.101" errors="0" timestamp="2023-10-14T22:58:08 IST" skipped="0">
  <testcase classname="Sample.TestClass" name="test2" time="6.160"/>
  <system-out/>
  <testcase classname="Sample.TestClass" name="test3" time="7.482"/>
  <system-out/>
  <testcase classname="Sample.TestClass" name="test1" time="11.459"/>
  <system-out/>
</testsuite> <!-- Sample.TestClass -->
